<?xml version="1.0" encoding="utf-8"?>
<testsuites>
  <testsuite name="mini-agent" tests="4" failures="0" errors="0" skipped="0" time="1.234">
    <testcase classname="tests.test_sql_guard" name="test_forbidden_update_is_rejected" time="0.10"/>
    <testcase classname="tests.test_sql_guard" name="test_timeout_limit_applied" time="0.08"/>
    <testcase classname="tests.test_api" name="test_start_task_returns_id" time="0.21"/>
    <testcase classname="tests.test_api" name="test_unknown_task_returns_error" time="0.05"/>
  </testsuite>
</testsuites>
